app/build/intermediates/manifest_merge_blame_file/debug/manifest-merger-blame-debug-report.txt
1<?xml version="1.0" encoding="utf-8"?>
2<manifest xmlns:android="http://schemas.android.com/apk/res/android"
3    package="tk.kuusei.helloworld"
4    android:versionCode="1"
5    android:versionName="1.0" >
6
7    <uses-sdk
8        android:minSdkVersion="26"
8-->src\main\AndroidManifest.xml
9        android:targetSdkVersion="30" />
9-->src\main\AndroidManifest.xml
10
11    <uses-permission android:name="android.permission.WAKE_LOCK" />
11-->src\main\AndroidManifest.xml:5:5-68
11-->src\main\AndroidManifest.xml:5:22-65
12
13    <uses-feature android:name="android.hardware.type.watch" />
13-->src\main\AndroidManifest.xml:7:5-64
13-->src\main\AndroidManifest.xml:7:19-61
14
15    <application
15-->src\main\AndroidManifest.xml:9:5-32:19
16        android:allowBackup="true"
16-->src\main\AndroidManifest.xml:10:9-35
17        android:appComponentFactory="androidx.core.app.CoreComponentFactory"
17-->[androidx.core:core:1.3.1] AndroidManifest.xml:24:18-86
18        android:debuggable="true"
19        android:extractNativeLibs="false"
20        android:icon="@mipmap/ic_launcher"
20-->src\main\AndroidManifest.xml:11:9-43
21        android:label="@string/app_name"
21-->src\main\AndroidManifest.xml:12:9-41
22        android:roundIcon="@mipmap/ic_launcher_round"
22-->src\main\AndroidManifest.xml:13:9-54
23        android:supportsRtl="true"
23-->src\main\AndroidManifest.xml:14:9-35
24        android:testOnly="true"
25        android:theme="@style/Theme.HelloWorld" >
25-->src\main\AndroidManifest.xml:15:9-48
26        <activity android:name="tk.kuusei.helloworld.RoomActivity" />
26-->src\main\AndroidManifest.xml:16:9-59
26-->src\main\AndroidManifest.xml:16:19-47
27        <activity
27-->src\main\AndroidManifest.xml:17:9-20:67
28            android:name="tk.kuusei.helloworld.NavActivity"
28-->src\main\AndroidManifest.xml:18:13-40
29            android:label="@string/title_activity_nav"
29-->src\main\AndroidManifest.xml:19:13-55
30            android:theme="@style/Theme.HelloWorld.NoActionBar" />
30-->src\main\AndroidManifest.xml:20:13-64
31        <activity
31-->src\main\AndroidManifest.xml:21:9-24:67
32            android:name="tk.kuusei.helloworld.ControlsActivity"
32-->src\main\AndroidManifest.xml:22:13-45
33            android:label="@string/title_activity_controls"
33-->src\main\AndroidManifest.xml:23:13-60
34            android:theme="@style/Theme.HelloWorld.NoActionBar" />
34-->src\main\AndroidManifest.xml:24:13-64
35        <activity android:name="tk.kuusei.helloworld.MainActivity" >
35-->src\main\AndroidManifest.xml:25:9-31:20
35-->src\main\AndroidManifest.xml:25:19-47
36            <intent-filter>
36-->src\main\AndroidManifest.xml:26:13-30:29
37                <action android:name="android.intent.action.MAIN" />
37-->src\main\AndroidManifest.xml:27:17-69
37-->src\main\AndroidManifest.xml:27:25-66
38
39                <category android:name="android.intent.category.LAUNCHER" />
39-->src\main\AndroidManifest.xml:29:17-77
39-->src\main\AndroidManifest.xml:29:27-74
40            </intent-filter>
41        </activity>
42
43        <service
43-->[androidx.room:room-runtime:2.2.6] AndroidManifest.xml:25:9-28:40
44            android:name="androidx.room.MultiInstanceInvalidationService"
44-->[androidx.room:room-runtime:2.2.6] AndroidManifest.xml:26:13-74
45            android:directBootAware="true"
45-->[androidx.room:room-runtime:2.2.6] AndroidManifest.xml:27:13-43
46            android:exported="false" />
46-->[androidx.room:room-runtime:2.2.6] AndroidManifest.xml:28:13-37
47    </application>
48
49</manifest>